{
  "RSpec": {
    "coverage": {
      "/Users/gabrielhochstatter/Projects/bookmark-manager/app.rb": [
        1,
        1,
        1,
        null,
        1,
        1,
        1,
        null,
        1,
        7,
        7,
        null,
        null,
        1,
        5,
        5,
        null,
        null,
        1,
        3,
        1,
        null,
        null,
        2,
        2,
        null,
        null,
        1,
        1,
        1,
        null,
        null,
        null,
        null,
        null,
        1,
        null,
        null
      ],
      "/Users/gabrielhochstatter/Projects/bookmark-manager/lib/bookmark.rb": [
        1,
        1,
        null,
        1,
        1,
        null,
        1,
        54,
        54,
        54,
        null,
        null,
        1,
        null,
        10,
        10,
        null,
        0,
        null,
        null,
        10,
        55,
        null,
        null,
        1,
        7,
        7,
        null,
        0,
        null,
        7,
        7,
        7,
        null,
        null,
        1,
        2,
        2,
        null,
        0,
        null,
        2,
        2,
        null,
        null,
        null,
        1,
        5,
        5,
        null,
        null,
        1,
        20,
        null,
        null,
        null,
        null
      ]
    },
    "timestamp": 1523445551
  }
}
