{
  "RSpec": {
    "coverage": {
      "/Users/gabrielhochstatter/Projects/bookmark-manager/app.rb": [
        1,
        1,
        1,
        null,
        1,
        1,
        1,
        null,
        1,
        14,
        14,
        14,
        null,
        null,
        1,
        7,
        7,
        null,
        null,
        1,
        5,
        1,
        null,
        null,
        4,
        4,
        null,
        null,
        1,
        1,
        1,
        1,
        null,
        null,
        1,
        1,
        1,
        1,
        1,
        null,
        null,
        1,
        1,
        1,
        null,
        null,
        1,
        2,
        2,
        null,
        null,
        1,
        2,
        2,
        2,
        2,
        null,
        null,
        null,
        null,
        null,
        1,
        null,
        null
      ],
      "/Users/gabrielhochstatter/Projects/bookmark-manager/lib/bookmark.rb": [
        1,
        1,
        1,
        null,
        null,
        1,
        1,
        null,
        1,
        149,
        149,
        149,
        null,
        null,
        1,
        33,
        33,
        null,
        0,
        null,
        null,
        null,
        1,
        18,
        153,
        null,
        null,
        1,
        12,
        12,
        12,
        null,
        null,
        1,
        2,
        2,
        null,
        null,
        1,
        6,
        null,
        null,
        1,
        1,
        1,
        null,
        null,
        1,
        7,
        7,
        null,
        null,
        1,
        21,
        null,
        null,
        1,
        498,
        null,
        null,
        null
      ],
      "/Users/gabrielhochstatter/Projects/bookmark-manager/lib/comment.rb": [
        1,
        null,
        1,
        null,
        1,
        null,
        1,
        432,
        432,
        432,
        null,
        null,
        1,
        143,
        143,
        null,
        0,
        null,
        null,
        null,
        1,
        null,
        null,
        null,
        null,
        null,
        null,
        135,
        560,
        null,
        null,
        1,
        null,
        null,
        null,
        null,
        null,
        7,
        7,
        7,
        null,
        null,
        1,
        null,
        null,
        null,
        null,
        null,
        1,
        1,
        null,
        null,
        1,
        5,
        null,
        null,
        null,
        1,
        1,
        1,
        null,
        1,
        null,
        null,
        null,
        null,
        null
      ]
    },
    "timestamp": 1523547479
  }
}
